{"C:\\Users\\2000078145\\OneDrive - Hexaware Technologies\\Desktop\\New folder\\src\\components\\sum.js": {"path":"C:\\Users\\2000078145\\OneDrive - Hexaware Technologies\\Desktop\\New folder\\src\\components\\sum.js","statementMap":{"0":{"start":{"line":8,"column":2},"end":{"line":8,"column":15}},"1":{"start":{"line":10,"column":0},"end":{"line":10,"column":21}}},"fnMap":{"0":{"name":"sum","decl":{"start":{"line":7,"column":9},"end":{"line":7,"column":12}},"loc":{"start":{"line":7,"column":19},"end":{"line":9,"column":1}},"line":7}},"branchMap":{},"s":{"0":1,"1":1},"f":{"0":1},"b":{},"_coverageSchema":"1a1c01bbd47fc00a2c39e90264f33305004495a9","hash":"620d8c453ea526c87e3104e3ea2488df9b4a2354"}
}
